#
# There is insufficient memory for the Java Runtime Environment to continue.
# Native memory allocation (malloc) failed to allocate 16384 bytes for AllocateHeap
# Possible reasons:
#   The system is out of physical RAM or swap space
#   The process is running with CompressedOops enabled, and the Java Heap may be blocking the growth of the native heap
# Possible solutions:
#   Reduce memory load on the system
#   Increase physical memory or swap space
#   Check if swap backing store is full
#   Decrease Java heap size (-Xmx/-Xms)
#   Decrease number of Java threads
#   Decrease Java thread stack sizes (-Xss)
#   Set larger code cache with -XX:ReservedCodeCacheSize=
#   JVM is running with Unscaled Compressed Oops mode in which the Java heap is
#     placed in the first 4GB address space. The Java Heap base address is the
#     maximum limit for the native heap growth. Please use -XX:HeapBaseMinAddress
#     to set the Java Heap base and to place the Java Heap above 4GB virtual address.
# This output file may be truncated or incomplete.
#
#  Out of Memory Error (memory/allocation.inline.hpp:61), pid=15228, tid=0x00000000000028dc
#
# JRE version: Java(TM) SE Runtime Environment (8.0_221-b11) (build 1.8.0_221-b11)
# Java VM: Java HotSpot(TM) 64-Bit Server VM (25.221-b11 mixed mode windows-amd64 compressed oops)
# Failed to write core dump. Minidumps are not enabled by default on client versions of Windows
#

---------------  T H R E A D  ---------------

Current thread (0x0000000002ddd800):  JavaThread "main" [_thread_in_vm, id=10460, stack(0x00000000013c0000,0x00000000014c0000)]

Stack: [0x00000000013c0000,0x00000000014c0000]
[error occurred during error reporting (printing stack bounds), id 0xc0000005]

Native frames: (J=compiled Java code, j=interpreted, Vv=VM code, C=native code)

Java frames: (J=compiled Java code, j=interpreted, Vv=VM code)
j  java.lang.Throwable.printStackTrace(Ljava/lang/Throwable$PrintStreamOrWriter;)V+0
j  java.lang.Throwable.printStackTrace(Ljava/io/PrintStream;)V+9
j  java.lang.ThreadGroup.uncaughtException(Ljava/lang/Thread;Ljava/lang/Throwable;)V+82
j  java.lang.ThreadGroup.uncaughtException(Ljava/lang/Thread;Ljava/lang/Throwable;)V+13
j  java.lang.Thread.dispatchUncaughtException(Ljava/lang/Throwable;)V+6
v  ~StubRoutines::call_stub

---------------  P R O C E S S  ---------------

Java Threads: ( => current thread )
  0x0000000016b88000 JavaThread "Service Thread" daemon [_thread_blocked, id=13876, stack(0x0000000017180000,0x0000000017280000)]
  0x0000000016b82800 JavaThread "C1 CompilerThread2" daemon [_thread_blocked, id=9968, stack(0x0000000017080000,0x0000000017180000)]
  0x000000001548c800 JavaThread "C2 CompilerThread1" daemon [_thread_blocked, id=7280, stack(0x0000000016f80000,0x0000000017080000)]
  0x000000001542b800 JavaThread "C2 CompilerThread0" daemon [_thread_blocked, id=11448, stack(0x0000000016a80000,0x0000000016b80000)]
  0x0000000015437800 JavaThread "Attach Listener" daemon [_thread_blocked, id=15384, stack(0x0000000016980000,0x0000000016a80000)]
  0x0000000015436000 JavaThread "Signal Dispatcher" daemon [_thread_blocked, id=11000, stack(0x0000000016880000,0x0000000016980000)]
  0x0000000002d3c000 JavaThread "Finalizer" daemon [_thread_blocked, id=10788, stack(0x0000000016680000,0x0000000016780000)]
  0x0000000002d31000 JavaThread "Reference Handler" daemon [_thread_blocked, id=10456, stack(0x0000000016580000,0x0000000016680000)]
=>0x0000000002ddd800 JavaThread "main" [_thread_in_vm, id=10460, stack(0x00000000013c0000,0x00000000014c0000)]

Other Threads:
  0x00000000153f8000 VMThread [stack: 0x0000000016480000,0x0000000016580000] [id=12404]

VM state:not at safepoint (normal execution)

VM Mutex/Monitor currently owned by a thread:  ([mutex/lock_event])
[0x0000000002ddd1b0] SystemDictionary_lock - owner thread: 0x0000000002ddd800
[0x0000000002c407d0] Compile_lock - owner thread: 0x0000000002ddd800

heap address: 0x00000000c1200000, size: 1006 MB, Compressed Oops mode: 32-bit
Narrow klass base: 0x0000000000000000, Narrow klass shift: 3
Compressed class space size: 1073741824 Address: 0x0000000100000000

Heap:
 PSYoungGen      total 18944K, used 984K [0x00000000eb100000, 0x00000000ec600000, 0x0000000100000000)
  eden space 16384K, 6% used [0x00000000eb100000,0x00000000eb1f6060,0x00000000ec100000)
  from space 2560K, 0% used [0x00000000ec380000,0x00000000ec380000,0x00000000ec600000)
  to   space 2560K, 0% used [0x00000000ec100000,0x00000000ec100000,0x00000000ec380000)
 ParOldGen       total 44032K, used 0K [0x00000000c1200000, 0x00000000c3d00000, 0x00000000eb100000)
  object space 44032K, 0% used [0x00000000c1200000,0x00000000c1200000,0x00000000c3d00000)
 Metaspace       used 2483K, capacity 4486K, committed 4864K, reserved 1060864K
  class space    used 276K, capacity 386K, committed 512K, reserved 1048576K

Card table byte_map: [0x00000000121d0000,0x00000000123d0000] byte_map_base: 0x0000000011bc7000

Marking Bits: (ParMarkBitMap*) 0x0000000070fa5ce0
 Begin Bits: [0x0000000012920000, 0x00000000138d8000)
 End Bits:   [0x00000000138d8000, 0x0000000014890000)

Polling page: 0x0000000001200000

CodeCache: size=245760Kb used=1104Kb max_used=1115Kb free=244655Kb
 bounds [0x0000000002e10000, 0x0000000003080000, 0x0000000011e10000]
 total_blobs=254 nmethods=22 adapters=146
 compilation: enabled

Compilation events (10 events):
Event: 0.456 Thread 0x0000000016b82800   18  s    3       java.lang.StringBuffer::append (13 bytes)
Event: 0.458 Thread 0x0000000016b82800 nmethod 18 0x0000000002f20790 code [0x0000000002f20940, 0x0000000002f21058]
Event: 0.458 Thread 0x0000000016b82800   19       3       java.lang.AbstractStringBuilder::append (50 bytes)
Event: 0.460 Thread 0x0000000016b82800 nmethod 19 0x0000000002f21410 code [0x0000000002f215e0, 0x0000000002f21d38]
Event: 0.473 Thread 0x0000000016b82800   20       3       java.lang.StringBuilder::append (8 bytes)
Event: 0.474 Thread 0x0000000016b82800 nmethod 20 0x0000000002f22850 code [0x0000000002f229c0, 0x0000000002f22b48]
Event: 0.475 Thread 0x0000000016b82800   21       3       java.util.Arrays::copyOfRange (63 bytes)
Event: 0.477 Thread 0x0000000016b82800 nmethod 21 0x0000000002f22bd0 code [0x0000000002f22de0, 0x0000000002f23918]
Event: 0.480 Thread 0x000000001542b800   22       4       java.lang.String::charAt (29 bytes)
Event: 0.483 Thread 0x000000001542b800 nmethod 22 0x0000000002f26b10 code [0x0000000002f26c60, 0x0000000002f26d18]

GC Heap History (0 events):
No events

Deoptimization events (0 events):
No events

Classes redefined (0 events):
No events

Internal exceptions (2 events):
Event: 0.162 Thread 0x0000000002ddd800 Exception <a 'java/lang/NoSuchMethodError': Method sun.misc.Unsafe.defineClass(Ljava/lang/String;[BII)Ljava/lang/Class; name or signature does not match> (0x00000000eb107cb8) thrown at [C:\re\workspace\8-2-build-windows-amd64-cygwin\jdk8u221\13320\hotspot
Event: 0.162 Thread 0x0000000002ddd800 Exception <a 'java/lang/NoSuchMethodError': Method sun.misc.Unsafe.prefetchRead(Ljava/lang/Object;J)V name or signature does not match> (0x00000000eb107fa0) thrown at [C:\re\workspace\8-2-build-windows-amd64-cygwin\jdk8u221\13320\hotspot\src\share\vm\prim

Events (10 events):
Event: 0.487 loading class java/lang/Class$MethodArray
Event: 0.487 loading class java/lang/Class$MethodArray done
Event: 0.488 loading class java/lang/Void
Event: 0.488 loading class java/lang/Void done
Event: 0.489 loading class java/lang/Throwable$WrappedPrintStream
Event: 0.489 loading class java/lang/Throwable$PrintStreamOrWriter
Event: 0.489 loading class java/lang/Throwable$PrintStreamOrWriter done
Event: 0.489 loading class java/lang/Throwable$WrappedPrintStream done
Event: 0.489 loading class java/util/IdentityHashMap
Event: 0.490 loading class java/util/IdentityHashMap done


Dynamic libraries:
0x00007ff6b3530000 - 0x00007ff6b3567000 	C:\Program Files\Java\jre1.8.0_221\bin\javaw.exe
0x00007ffb38380000 - 0x00007ffb3852d000 	C:\WINDOWS\SYSTEM32\ntdll.dll
0x00007ffb36370000 - 0x00007ffb364ae000 	C:\WINDOWS\system32\KERNEL32.DLL
0x00007ffb35710000 - 0x00007ffb35826000 	C:\WINDOWS\system32\KERNELBASE.dll
0x00007ffb34070000 - 0x00007ffb340fe000 	C:\WINDOWS\system32\apphelp.dll
0x00007ffafcd40000 - 0x00007ffafcd94000 	C:\WINDOWS\AppPatch\AppPatch64\AcGenral.DLL
0x00007ffb35fb0000 - 0x00007ffb3605a000 	C:\WINDOWS\system32\msvcrt.dll
0x00007ffb35630000 - 0x00007ffb3565e000 	C:\WINDOWS\system32\SspiCli.dll
0x00007ffb37f10000 - 0x00007ffb37f64000 	C:\WINDOWS\system32\SHLWAPI.dll
0x00007ffb36060000 - 0x00007ffb361d7000 	C:\WINDOWS\system32\USER32.dll
0x00007ffb35be0000 - 0x00007ffb35d74000 	C:\WINDOWS\system32\ole32.dll
0x00007ffb369e0000 - 0x00007ffb37f0b000 	C:\WINDOWS\system32\SHELL32.dll
0x00007ffb34a70000 - 0x00007ffb34a91000 	C:\WINDOWS\SYSTEM32\USERENV.dll
0x00007ffb364b0000 - 0x00007ffb3655a000 	C:\WINDOWS\system32\ADVAPI32.dll
0x00007ffb1ead0000 - 0x00007ffb1eaee000 	C:\WINDOWS\SYSTEM32\MPR.dll
0x00007ffb36560000 - 0x00007ffb366a0000 	C:\WINDOWS\system32\RPCRT4.dll
0x00007ffb367d0000 - 0x00007ffb36829000 	C:\WINDOWS\SYSTEM32\sechost.dll
0x00007ffb35d90000 - 0x00007ffb35fa0000 	C:\WINDOWS\SYSTEM32\combase.dll
0x00007ffb361e0000 - 0x00007ffb3632c000 	C:\WINDOWS\system32\GDI32.dll
0x00007ffb354b0000 - 0x00007ffb354c5000 	C:\WINDOWS\SYSTEM32\profapi.dll
0x00007ffb31980000 - 0x00007ffb31a32000 	C:\WINDOWS\SYSTEM32\SHCORE.dll
0x00007ffb36330000 - 0x00007ffb36366000 	C:\WINDOWS\system32\IMM32.DLL
0x00007ffb38150000 - 0x00007ffb382a1000 	C:\WINDOWS\system32\MSCTF.dll
0x00007ffb310a0000 - 0x00007ffb3131a000 	C:\WINDOWS\WinSxS\amd64_microsoft.windows.common-controls_6595b64144ccf1df_6.0.9600.17810_none_6240b9c7ecbd0bda\COMCTL32.dll
0x00000000706a0000 - 0x0000000070772000 	C:\Program Files\Java\jre1.8.0_221\bin\msvcr100.dll
0x0000000070780000 - 0x0000000071025000 	C:\Program Files\Java\jre1.8.0_221\bin\server\jvm.dll
0x00007ffb15640000 - 0x00007ffb15649000 	C:\WINDOWS\SYSTEM32\WSOCK32.dll
0x00007ffb1e9e0000 - 0x00007ffb1ea02000 	C:\WINDOWS\SYSTEM32\WINMM.dll
0x00007ffb2d1f0000 - 0x00007ffb2d1fa000 	C:\WINDOWS\SYSTEM32\VERSION.dll
0x00007ffb35a10000 - 0x00007ffb35a17000 	C:\WINDOWS\system32\PSAPI.DLL
0x00007ffb36770000 - 0x00007ffb367ca000 	C:\WINDOWS\system32\WS2_32.dll
0x00007ffb1e9b0000 - 0x00007ffb1e9da000 	C:\WINDOWS\SYSTEM32\WINMMBASE.dll
0x00007ffb35fa0000 - 0x00007ffb35fa9000 	C:\WINDOWS\system32\NSI.dll
0x00007ffb35660000 - 0x00007ffb356af000 	C:\WINDOWS\SYSTEM32\cfgmgr32.dll
0x00007ffb342d0000 - 0x00007ffb342f8000 	C:\WINDOWS\SYSTEM32\DEVOBJ.dll
0x00007ffb11290000 - 0x00007ffb1129f000 	C:\Program Files\Java\jre1.8.0_221\bin\verify.dll
0x00007ffb11260000 - 0x00007ffb11289000 	C:\Program Files\Java\jre1.8.0_221\bin\java.dll
0x00007ffb0ee90000 - 0x00007ffb0eea6000 	C:\Program Files\Java\jre1.8.0_221\bin\zip.dll

VM Arguments:
jvm_args: -Dfile.encoding=Cp1252 
java_command: LotteryMain
java_class_path (initial): C:\Users\Deborah\Desktop\BSc (Hons) COMPUTER SCIENCE\Computer Programming\ECLIPSE\LotteryGame\bin
Launcher Type: SUN_STANDARD

Environment Variables:
PATH=C:/Program Files/Java/jre1.8.0_221/bin/server;C:/Program Files/Java/jre1.8.0_221/bin;C:/Program Files/Java/jre1.8.0_221/lib/amd64;C:\Program Files (x86)\Common Files\Oracle\Java\javapath;C:\Program Files (x86)\Lenovo\FusionEngine;C:\Program Files (x86)\Intel\iCLS Client\;C:\Program Files\Intel\iCLS Client\;C:\WINDOWS\system32;C:\WINDOWS;C:\WINDOWS\System32\Wbem;C:\WINDOWS\System32\WindowsPowerShell\v1.0\;C:\Program Files\Intel\Intel(R) Management Engine Components\DAL;C:\Program Files\Intel\Intel(R) Management Engine Components\IPT;C:\Program Files (x86)\Intel\Intel(R) Management Engine Components\DAL;C:\Program Files (x86)\Intel\Intel(R) Management Engine Components\IPT;C:\Program Files (x86)\Lenovo\Motion Control\;C:\Program Files (x86)\Common Files\lenovo\easyplussdk\bin;C:\WINDOWS\system32;
USERNAME=Deborah
OS=Windows_NT
PROCESSOR_IDENTIFIER=Intel64 Family 6 Model 69 Stepping 1, GenuineIntel



---------------  S Y S T E M  ---------------

OS: Windows 8.1 , 64 bit Build 9600 (6.3.9600.17415)

CPU:total 4 (initial active 4) (2 cores per cpu, 2 threads per core) family 6 model 69 stepping 1, cmov, cx8, fxsr, mmx, sse, sse2, sse3, ssse3, sse4.1, sse4.2, popcnt, avx, avx2, aes, clmul, erms, lzcnt, ht, tsc, tscinvbit, bmi1, bmi2

Memory: 4k page, physical 4113368k(1027184k free), swap 16696280k(4780k free)

vm_info: Java HotSpot(TM) 64-Bit Server VM (25.221-b11) for windows-amd64 JRE (1.8.0_221-b11), built on Jul  4 2019 04:39:29 by "java_re" with MS VC++ 10.0 (VS2010)

time: Sun Oct 20 14:22:46 2019
timezone: ora legale Europa occidentale
elapsed time: 0 seconds (0d 0h 0m 0s)

